<?xml version="1.0" encoding="utf-8"?><testsuites><testsuite name="pytest" errors="0" failures="0" skipped="0" tests="3" time="27.952" timestamp="2022-07-31T12:29:37.015516" hostname="Vinayaks-Mac-mini.local"><testcase classname="test_HomePage.TestHomePage" name="test_formSubmission[getData0]" time="10.432" /><testcase classname="test_HomePage.TestHomePage" name="test_formSubmission[getData1]" time="0.854" /><testcase classname="test_e2e.TestOne" name="test_e2e" time="15.653" /></testsuite></testsuites>